<?xml version="1.0" encoding="UTF-8"?>
<!-- Generated by org.testng.reporters.JUnitXMLReporter -->
<testsuite ignored="6" hostname="SubhanPC" failures="0" tests="1" name="Default test" time="3.67" errors="0" timestamp="2024-07-15T15:51:43 IST">
  <testcase classname="My_Package.CryptocurrencyWalletAPI" name="Get_available_exchange_rates" time="3.626"/>
  <testcase classname="My_Package.CryptocurrencyWalletAPI" name="Calculate_transaction_fees" time="0.0">
    <ignored/>
  </testcase> <!-- Calculate_transaction_fees -->
  <testcase classname="My_Package.CryptocurrencyWalletAPI" name="Register_user" time="0.0">
    <ignored/>
  </testcase> <!-- Register_user -->
  <testcase classname="My_Package.CryptocurrencyWalletAPI" name="List_transactions" time="0.0">
    <ignored/>
  </testcase> <!-- List_transactions -->
  <testcase classname="My_Package.CryptocurrencyWalletAPI" name="Login_user" time="0.0">
    <ignored/>
  </testcase> <!-- Login_user -->
  <testcase classname="My_Package.CryptocurrencyWalletAPI" name="Retrieve_wallet_balance" time="0.0">
    <ignored/>
  </testcase> <!-- Retrieve_wallet_balance -->
  <testcase classname="My_Package.CryptocurrencyWalletAPI" name="Transfer_ETH" time="0.0">
    <ignored/>
  </testcase> <!-- Transfer_ETH -->
</testsuite> <!-- Default test -->
