<?xml version="1.0" encoding="UTF-8"?>
<!-- Generated by org.testng.reporters.JUnitXMLReporter -->
<testsuite ignored="3" hostname="SubhanPC" failures="0" tests="1" name="Default test" time="3.65" errors="0" timestamp="2024-07-15T15:44:30 IST">
  <testcase classname="My_Package.CryptocurrencyWalletAPI" name="List_transactions" time="3.602"/>
  <testcase classname="My_Package.CryptocurrencyWalletAPI" name="Login_user" time="0.0">
    <ignored/>
  </testcase> <!-- Login_user -->
  <testcase classname="My_Package.CryptocurrencyWalletAPI" name="Retrieve_wallet_balance" time="0.0">
    <ignored/>
  </testcase> <!-- Retrieve_wallet_balance -->
  <testcase classname="My_Package.CryptocurrencyWalletAPI" name="Register_user" time="0.0">
    <ignored/>
  </testcase> <!-- Register_user -->
</testsuite> <!-- Default test -->
