<?xml version="1.0" encoding="UTF-8"?>
<testng-results ignored="0" total="7" passed="7" failed="0" skipped="0">
  <reporter-output>
  </reporter-output>
  <suite started-at="2024-07-15T15:54:38 IST" name="Default suite" finished-at="2024-07-15T15:54:48 IST" duration-ms="10525">
    <groups>
    </groups>
    <test started-at="2024-07-15T15:54:38 IST" name="Default test" finished-at="2024-07-15T15:54:48 IST" duration-ms="10525">
      <class name="My_Package.CryptocurrencyWalletAPI">
        <test-method signature="Calculate_transaction_fees()[pri:0, instance:My_Package.CryptocurrencyWalletAPI@66f57048]" started-at="2024-07-15T15:54:38 IST" name="Calculate_transaction_fees" finished-at="2024-07-15T15:54:41 IST" duration-ms="3543" status="PASS">
          <reporter-output>
          </reporter-output>
        </test-method> <!-- Calculate_transaction_fees -->
        <test-method signature="Get_available_exchange_rates()[pri:0, instance:My_Package.CryptocurrencyWalletAPI@66f57048]" started-at="2024-07-15T15:54:41 IST" name="Get_available_exchange_rates" finished-at="2024-07-15T15:54:42 IST" duration-ms="1133" status="PASS">
          <reporter-output>
          </reporter-output>
        </test-method> <!-- Get_available_exchange_rates -->
        <test-method signature="List_transactions()[pri:0, instance:My_Package.CryptocurrencyWalletAPI@66f57048]" started-at="2024-07-15T15:54:42 IST" name="List_transactions" finished-at="2024-07-15T15:54:44 IST" duration-ms="1136" status="PASS">
          <reporter-output>
          </reporter-output>
        </test-method> <!-- List_transactions -->
        <test-method signature="Login_user()[pri:0, instance:My_Package.CryptocurrencyWalletAPI@66f57048]" started-at="2024-07-15T15:54:44 IST" name="Login_user" finished-at="2024-07-15T15:54:45 IST" duration-ms="1091" status="PASS">
          <reporter-output>
          </reporter-output>
        </test-method> <!-- Login_user -->
        <test-method signature="Register_user()[pri:0, instance:My_Package.CryptocurrencyWalletAPI@66f57048]" started-at="2024-07-15T15:54:45 IST" name="Register_user" finished-at="2024-07-15T15:54:46 IST" duration-ms="1113" status="PASS">
          <reporter-output>
          </reporter-output>
        </test-method> <!-- Register_user -->
        <test-method signature="Retrieve_wallet_balance()[pri:0, instance:My_Package.CryptocurrencyWalletAPI@66f57048]" started-at="2024-07-15T15:54:46 IST" name="Retrieve_wallet_balance" finished-at="2024-07-15T15:54:47 IST" duration-ms="1223" status="PASS">
          <reporter-output>
          </reporter-output>
        </test-method> <!-- Retrieve_wallet_balance -->
        <test-method signature="Transfer_ETH()[pri:0, instance:My_Package.CryptocurrencyWalletAPI@66f57048]" started-at="2024-07-15T15:54:47 IST" name="Transfer_ETH" finished-at="2024-07-15T15:54:48 IST" duration-ms="1235" status="PASS">
          <reporter-output>
          </reporter-output>
        </test-method> <!-- Transfer_ETH -->
      </class> <!-- My_Package.CryptocurrencyWalletAPI -->
    </test> <!-- Default test -->
  </suite> <!-- Default suite -->
</testng-results>
