<?xml version="1.0" encoding="UTF-8"?>
<testng-results ignored="6" total="7" passed="1" failed="0" skipped="0">
  <reporter-output>
  </reporter-output>
  <suite started-at="2024-07-15T15:51:39 IST" name="Default suite" finished-at="2024-07-15T15:51:43 IST" duration-ms="3670">
    <groups>
    </groups>
    <test started-at="2024-07-15T15:51:39 IST" name="Default test" finished-at="2024-07-15T15:51:43 IST" duration-ms="3670">
      <class name="My_Package.CryptocurrencyWalletAPI">
        <test-method signature="Get_available_exchange_rates()[pri:0, instance:My_Package.CryptocurrencyWalletAPI@1e1a0406]" started-at="2024-07-15T15:51:39 IST" name="Get_available_exchange_rates" finished-at="2024-07-15T15:51:43 IST" duration-ms="3626" status="PASS">
          <reporter-output>
          </reporter-output>
        </test-method> <!-- Get_available_exchange_rates -->
      </class> <!-- My_Package.CryptocurrencyWalletAPI -->
    </test> <!-- Default test -->
  </suite> <!-- Default suite -->
</testng-results>
